************* Module _START_PROGRAM_12
_START_PROGRAM_12.pyw:448:0: C0301: Line too long (127/100) (line-too-long)
_START_PROGRAM_12.pyw:461:0: C0301: Line too long (128/100) (line-too-long)
_START_PROGRAM_12.pyw:479:0: C0301: Line too long (119/100) (line-too-long)
_START_PROGRAM_12.pyw:482:0: C0301: Line too long (249/100) (line-too-long)
_START_PROGRAM_12.pyw:493:0: C0301: Line too long (117/100) (line-too-long)
_START_PROGRAM_12.pyw:497:0: C0301: Line too long (133/100) (line-too-long)
_START_PROGRAM_12.pyw:778:0: C0304: Final newline missing (missing-final-newline)
_START_PROGRAM_12.pyw:1:0: C0103: Module name "_START_PROGRAM_12" doesn't conform to snake_case naming style (invalid-name)
_START_PROGRAM_12.pyw:18:0: W0401: Wildcard import decimal (wildcard-import)
_START_PROGRAM_12.pyw:37:0: R0902: Too many instance attributes (39/7) (too-many-instance-attributes)
_START_PROGRAM_12.pyw:39:4: R0914: Too many local variables (25/15) (too-many-locals)
_START_PROGRAM_12.pyw:39:23: W0621: Redefining name 'app' from outer scope (line 777) (redefined-outer-name)
_START_PROGRAM_12.pyw:39:4: R0915: Too many statements (132/50) (too-many-statements)
_START_PROGRAM_12.pyw:340:8: E1101: Instance of 'FiseDeMagazie' has no 'canvas' member (no-member)
_START_PROGRAM_12.pyw:342:4: C0103: Method name "onFrameConfigure" doesn't conform to snake_case naming style (invalid-name)
_START_PROGRAM_12.pyw:344:8: E1101: Instance of 'FiseDeMagazie' has no 'canvas' member (no-member)
_START_PROGRAM_12.pyw:344:43: E1101: Instance of 'FiseDeMagazie' has no 'canvas' member (no-member)
_START_PROGRAM_12.pyw:342:31: W0613: Unused argument 'event' (unused-argument)
_START_PROGRAM_12.pyw:346:37: W0613: Unused argument 'event' (unused-argument)
_START_PROGRAM_12.pyw:398:33: W0613: Unused argument 'arg' (unused-argument)
_START_PROGRAM_12.pyw:433:4: R0914: Too many local variables (19/15) (too-many-locals)
_START_PROGRAM_12.pyw:448:24: W1308: Duplicate string formatting argument 'nul', consider passing as named argument (duplicate-string-formatting-argument)
_START_PROGRAM_12.pyw:448:24: C0209: Formatting a regular string which could be an f-string (consider-using-f-string)
_START_PROGRAM_12.pyw:450:20: C0209: Formatting a regular string which could be an f-string (consider-using-f-string)
_START_PROGRAM_12.pyw:461:24: W1308: Duplicate string formatting argument 'nul', consider passing as named argument (duplicate-string-formatting-argument)
_START_PROGRAM_12.pyw:461:24: C0209: Formatting a regular string which could be an f-string (consider-using-f-string)
_START_PROGRAM_12.pyw:463:20: C0209: Formatting a regular string which could be an f-string (consider-using-f-string)
_START_PROGRAM_12.pyw:482:24: W1308: Duplicate string formatting argument 'nul', consider passing as named argument (duplicate-string-formatting-argument)
_START_PROGRAM_12.pyw:482:24: W1308: Duplicate string formatting argument 'stoc_nou', consider passing as named argument (duplicate-string-formatting-argument)
_START_PROGRAM_12.pyw:482:24: C0209: Formatting a regular string which could be an f-string (consider-using-f-string)
_START_PROGRAM_12.pyw:485:20: C0209: Formatting a regular string which could be an f-string (consider-using-f-string)
_START_PROGRAM_12.pyw:433:4: R0915: Too many statements (54/50) (too-many-statements)
_START_PROGRAM_12.pyw:450:16: W0612: Unused variable 'e' (unused-variable)
_START_PROGRAM_12.pyw:528:4: C0116: Missing function or method docstring (missing-function-docstring)
_START_PROGRAM_12.pyw:567:29: W1514: Using open without explicitly specifying an encoding (unspecified-encoding)
_START_PROGRAM_12.pyw:567:29: R1732: Consider using 'with' for resource-allocating operations (consider-using-with)
_START_PROGRAM_12.pyw:594:4: C0116: Missing function or method docstring (missing-function-docstring)
_START_PROGRAM_12.pyw:608:4: C0116: Missing function or method docstring (missing-function-docstring)
_START_PROGRAM_12.pyw:608:4: C0103: Method name "Scankey" doesn't conform to snake_case naming style (invalid-name)
_START_PROGRAM_12.pyw:631:4: C0116: Missing function or method docstring (missing-function-docstring)
_START_PROGRAM_12.pyw:631:4: C0103: Method name "Update" doesn't conform to snake_case naming style (invalid-name)
_START_PROGRAM_12.pyw:665:8: E0602: Undefined variable 'nir_bc' (undefined-variable)
_START_PROGRAM_12.pyw:677:8: R1732: Consider using 'with' for resource-allocating operations (consider-using-with)
_START_PROGRAM_12.pyw:694:8: E0602: Undefined variable 'inlocuiesc' (undefined-variable)
_START_PROGRAM_12.pyw:698:8: W0107: Unnecessary pass statement (unnecessary-pass)
_START_PROGRAM_12.pyw:770:8: W0621: Redefining name 'b' from outer scope (line 729) (redefined-outer-name)
_START_PROGRAM_12.pyw:706:8: W0601: Global variable 'a' undefined at the module level (global-variable-undefined)
_START_PROGRAM_12.pyw:706:8: W0601: Global variable 'mat' undefined at the module level (global-variable-undefined)
_START_PROGRAM_12.pyw:714:12: W0601: Global variable 'a' undefined at the module level (global-variable-undefined)
_START_PROGRAM_12.pyw:714:12: W0601: Global variable 'mat' undefined at the module level (global-variable-undefined)
_START_PROGRAM_12.pyw:714:12: W0601: Global variable 'b' undefined at the module level (global-variable-undefined)
_START_PROGRAM_12.pyw:715:12: E0601: Using variable 'a' before assignment (used-before-assignment)
_START_PROGRAM_12.pyw:723:12: W0612: Unused variable 'h' (unused-variable)
_START_PROGRAM_12.pyw:724:12: W0612: Unused variable 'w' (unused-variable)
_START_PROGRAM_12.pyw:736:12: W0601: Global variable 'a' undefined at the module level (global-variable-undefined)
_START_PROGRAM_12.pyw:736:12: W0601: Global variable 'mat' undefined at the module level (global-variable-undefined)
_START_PROGRAM_12.pyw:736:12: W0601: Global variable 'b' undefined at the module level (global-variable-undefined)
_START_PROGRAM_12.pyw:704:4: R0915: Too many statements (57/50) (too-many-statements)
_START_PROGRAM_12.pyw:443:12: W0201: Attribute 'cantitate' defined outside __init__ (attribute-defined-outside-init)
_START_PROGRAM_12.pyw:544:8: W0201: Attribute 'fila_necesar' defined outside __init__ (attribute-defined-outside-init)
_START_PROGRAM_12.pyw:562:8: W0201: Attribute 'it' defined outside __init__ (attribute-defined-outside-init)
_START_PROGRAM_12.pyw:566:8: W0201: Attribute 'item' defined outside __init__ (attribute-defined-outside-init)
_START_PROGRAM_12.pyw:567:8: W0201: Attribute 'fila_deschisa' defined outside __init__ (attribute-defined-outside-init)
_START_PROGRAM_12.pyw:568:8: W0201: Attribute 'fila' defined outside __init__ (attribute-defined-outside-init)
_START_PROGRAM_12.pyw:584:8: W0201: Attribute 'stoc' defined outside __init__ (attribute-defined-outside-init)
_START_PROGRAM_12.pyw:621:12: W0201: Attribute 'de_list' defined outside __init__ (attribute-defined-outside-init)
_START_PROGRAM_12.pyw:37:0: R0904: Too many public methods (35/20) (too-many-public-methods)
_START_PROGRAM_12.pyw:11:0: W0611: Unused import collections (unused-import)
_START_PROGRAM_12.pyw:14:0: W0611: Unused messagebox imported from tkinter (unused-import)
_START_PROGRAM_12.pyw:15:0: W0611: Unused filedialog imported from tkinter (unused-import)
_START_PROGRAM_12.pyw:30:0: W0611: Unused import poze (unused-import)
_START_PROGRAM_12.pyw:18:0: W0614: Unused import(s) BasicContext, Clamped, Context, ConversionSyntax, Decimal, DecimalException, DecimalTuple, DefaultContext, DivisionByZero, DivisionImpossible, DivisionUndefined, ExtendedContext, FloatOperation, HAVE_CONTEXTVAR, HAVE_THREADS, Inexact, InvalidContext, InvalidOperation, MAX_EMAX, MAX_PREC, MIN_EMIN, MIN_ETINY, Overflow, ROUND_05UP, ROUND_CEILING, ROUND_DOWN, ROUND_FLOOR, ROUND_HALF_DOWN, ROUND_HALF_EVEN, ROUND_HALF_UP, ROUND_UP, Rounded, Subnormal, Underflow, getcontext, localcontext, setcontext, sys, contextvars and re from wildcard import of decimal (unused-wildcard-import)

------------------------------------------------------------------
Your code has been rated at 7.83/10 (previous run: 7.81/10, +0.02)

